Запуск парсера misc данных...
Загрузка данных rank.blkx из: https://cdn.jsdelivr.net/gh/gszabi99/War-Thunder-Datamine@master/char.vromfs.bin_u/config/rank.blkx
Данные rank.blkx успешно загружены
Парсинг данных rank.blkx...
  Извлечено требование: ussr Авиация ранг 2 требует 6 юнитов
  Извлечено требование: ussr Авиация ранг 3 требует 6 юнитов
  Извлечено требование: ussr Авиация ранг 4 требует 6 юнитов
  Извлечено требование: ussr Авиация ранг 5 требует 6 юнитов
  Извлечено требование: ussr Авиация ранг 6 требует 5 юнитов
  Извлечено требование: ussr Авиация ранг 7 требует 5 юнитов
  Извлечено требование: ussr Авиация ранг 8 требует 5 юнитов
  Извлечено требование: ussr Наземная техника ранг 2 требует 6 юнитов
  Извлечено требование: ussr Наземная техника ранг 3 требует 6 юнитов
  Извлечено требование: ussr Наземная техника ранг 4 требует 6 юнитов
  Извлечено требование: ussr Наземная техника ранг 5 требует 6 юнитов
  Извлечено требование: ussr Наземная техника ранг 6 требует 5 юнитов
  Извлечено требование: ussr Наземная техника ранг 7 требует 5 юнитов
  Извлечено требование: ussr Наземная техника ранг 8 требует 5 юнитов
  Извлечено требование: ussr Малый флот ранг 2 требует 4 юнитов
  Извлечено требование: ussr Малый флот ранг 3 требует 5 юнитов
  Извлечено требование: ussr Малый флот ранг 4 требует 5 юнитов
  Извлечено требование: ussr Малый флот ранг 5 требует 6 юнитов
  Извлечено требование: ussr Большой флот ранг 2 требует 4 юнитов
  Извлечено требование: ussr Большой флот ранг 3 требует 4 юнитов
  Извлечено требование: ussr Большой флот ранг 4 требует 4 юнитов
  Извлечено требование: ussr Большой флот ранг 5 требует 3 юнитов
  Извлечено требование: ussr Большой флот ранг 6 требует 4 юнитов
  Извлечено требование: ussr Большой флот ранг 7 требует 3 юнитов
  Извлечено требование: ussr Большой флот ранг 8 требует 5 юнитов
  Извлечено требование: ussr Вертолёты ранг 6 требует 1 юнитов
  Извлечено требование: ussr Вертолёты ранг 7 требует 1 юнитов
  Извлечено требование: usa Авиация ранг 2 требует 6 юнитов
  Извлечено требование: usa Авиация ранг 3 требует 6 юнитов
  Извлечено требование: usa Авиация ранг 4 требует 6 юнитов
  Извлечено требование: usa Авиация ранг 5 требует 6 юнитов
  Извлечено требование: usa Авиация ранг 6 требует 5 юнитов
  Извлечено требование: usa Авиация ранг 7 требует 5 юнитов
  Извлечено требование: usa Авиация ранг 8 требует 5 юнитов
  Извлечено требование: usa Наземная техника ранг 2 требует 6 юнитов
  Извлечено требование: usa Наземная техника ранг 3 требует 6 юнитов
  Извлечено требование: usa Наземная техника ранг 4 требует 6 юнитов
  Извлечено требование: usa Наземная техника ранг 5 требует 6 юнитов
  Извлечено требование: usa Наземная техника ранг 6 требует 5 юнитов
  Извлечено требование: usa Наземная техника ранг 7 требует 5 юнитов
  Извлечено требование: usa Наземная техника ранг 8 требует 5 юнитов
  Извлечено требование: usa Малый флот ранг 2 требует 4 юнитов
  Извлечено требование: usa Малый флот ранг 3 требует 4 юнитов
  Извлечено требование: usa Малый флот ранг 4 требует 5 юнитов
  Извлечено требование: usa Малый флот ранг 5 требует 4 юнитов
  Извлечено требование: usa Большой флот ранг 2 требует 3 юнитов
  Извлечено требование: usa Большой флот ранг 3 требует 3 юнитов
  Извлечено требование: usa Большой флот ранг 4 требует 6 юнитов
  Извлечено требование: usa Большой флот ранг 5 требует 5 юнитов
  Извлечено требование: usa Большой флот ранг 6 требует 5 юнитов
  Извлечено требование: usa Большой флот ранг 7 требует 5 юнитов
  Извлечено требование: usa Большой флот ранг 8 требует 5 юнитов
  Извлечено требование: usa Вертолёты ранг 6 требует 1 юнитов
  Извлечено требование: usa Вертолёты ранг 7 требует 1 юнитов
  Извлечено требование: germany Авиация ранг 2 требует 6 юнитов
  Извлечено требование: germany Авиация ранг 3 требует 6 юнитов
  Извлечено требование: germany Авиация ранг 4 требует 6 юнитов
  Извлечено требование: germany Авиация ранг 5 требует 6 юнитов
  Извлечено требование: germany Авиация ранг 6 требует 5 юнитов
  Извлечено требование: germany Авиация ранг 7 требует 5 юнитов
  Извлечено требование: germany Авиация ранг 8 требует 5 юнитов
  Извлечено требование: germany Наземная техника ранг 2 требует 6 юнитов
  Извлечено требование: germany Наземная техника ранг 3 требует 6 юнитов
  Извлечено требование: germany Наземная техника ранг 4 требует 6 юнитов
  Извлечено требование: germany Наземная техника ранг 5 требует 6 юнитов
  Извлечено требование: germany Наземная техника ранг 6 требует 5 юнитов
  Извлечено требование: germany Наземная техника ранг 7 требует 5 юнитов
  Извлечено требование: germany Наземная техника ранг 8 требует 5 юнитов
  Извлечено требование: germany Малый флот ранг 2 требует 2 юнитов
  Извлечено требование: germany Малый флот ранг 3 требует 4 юнитов
  Извлечено требование: germany Малый флот ранг 4 требует 4 юнитов
  Извлечено требование: germany Малый флот ранг 5 требует 6 юнитов
  Извлечено требование: germany Большой флот ранг 2 требует 4 юнитов
  Извлечено требование: germany Большой флот ранг 3 требует 4 юнитов
  Извлечено требование: germany Большой флот ранг 4 требует 3 юнитов
  Извлечено требование: germany Большой флот ранг 5 требует 4 юнитов
  Извлечено требование: germany Большой флот ранг 6 требует 5 юнитов
  Извлечено требование: germany Большой флот ранг 7 требует 4 юнитов
  Извлечено требование: germany Большой флот ранг 8 требует 5 юнитов
  Извлечено требование: germany Вертолёты ранг 6 требует 1 юнитов
  Извлечено требование: germany Вертолёты ранг 7 требует 1 юнитов
  Извлечено требование: britain Авиация ранг 2 требует 6 юнитов
  Извлечено требование: britain Авиация ранг 3 требует 6 юнитов
  Извлечено требование: britain Авиация ранг 4 требует 6 юнитов
  Извлечено требование: britain Авиация ранг 5 требует 6 юнитов
  Извлечено требование: britain Авиация ранг 6 требует 5 юнитов
  Извлечено требование: britain Авиация ранг 7 требует 5 юнитов
  Извлечено требование: britain Авиация ранг 8 требует 5 юнитов
  Извлечено требование: britain Наземная техника ранг 2 требует 6 юнитов
  Извлечено требование: britain Наземная техника ранг 3 требует 6 юнитов
  Извлечено требование: britain Наземная техника ранг 4 требует 6 юнитов
  Извлечено требование: britain Наземная техника ранг 5 требует 6 юнитов
  Извлечено требование: britain Наземная техника ранг 6 требует 5 юнитов
  Извлечено требование: britain Наземная техника ранг 7 требует 5 юнитов
  Извлечено требование: britain Наземная техника ранг 8 требует 5 юнитов
  Извлечено требование: britain Малый флот ранг 2 требует 6 юнитов
  Извлечено требование: britain Малый флот ранг 3 требует 4 юнитов
  Извлечено требование: britain Малый флот ранг 4 требует 6 юнитов
  Извлечено требование: britain Малый флот ранг 5 требует 5 юнитов
  Извлечено требование: britain Большой флот ранг 2 требует 3 юнитов
  Извлечено требование: britain Большой флот ранг 3 требует 5 юнитов
  Извлечено требование: britain Большой флот ранг 4 требует 5 юнитов
  Извлечено требование: britain Большой флот ранг 5 требует 6 юнитов
  Извлечено требование: britain Большой флот ранг 6 требует 5 юнитов
  Извлечено требование: britain Большой флот ранг 7 требует 5 юнитов
  Извлечено требование: britain Большой флот ранг 8 требует 5 юнитов
  Извлечено требование: britain Вертолёты ранг 6 требует 1 юнитов
  Извлечено требование: britain Вертолёты ранг 7 требует 1 юнитов
  Извлечено требование: japan Авиация ранг 2 требует 6 юнитов
  Извлечено требование: japan Авиация ранг 3 требует 6 юнитов
  Извлечено требование: japan Авиация ранг 4 требует 6 юнитов
  Извлечено требование: japan Авиация ранг 5 требует 6 юнитов
  Извлечено требование: japan Авиация ранг 6 требует 4 юнитов
  Извлечено требование: japan Авиация ранг 7 требует 5 юнитов
  Извлечено требование: japan Авиация ранг 8 требует 5 юнитов
  Извлечено требование: japan Наземная техника ранг 2 требует 6 юнитов
  Извлечено требование: japan Наземная техника ранг 3 требует 6 юнитов
  Извлечено требование: japan Наземная техника ранг 4 требует 6 юнитов
  Извлечено требование: japan Наземная техника ранг 5 требует 6 юнитов
  Извлечено требование: japan Наземная техника ранг 6 требует 5 юнитов
  Извлечено требование: japan Наземная техника ранг 7 требует 4 юнитов
  Извлечено требование: japan Наземная техника ранг 8 требует 5 юнитов
  Извлечено требование: japan Малый флот ранг 2 требует 4 юнитов
  Извлечено требование: japan Малый флот ранг 3 требует 5 юнитов
  Извлечено требование: japan Малый флот ранг 4 требует 5 юнитов
  Извлечено требование: japan Малый флот ранг 5 требует 3 юнитов
  Извлечено требование: japan Большой флот ранг 2 требует 3 юнитов
  Извлечено требование: japan Большой флот ранг 3 требует 5 юнитов
  Извлечено требование: japan Большой флот ранг 4 требует 5 юнитов
  Извлечено требование: japan Большой флот ранг 5 требует 4 юнитов
  Извлечено требование: japan Большой флот ранг 6 требует 5 юнитов
  Извлечено требование: japan Большой флот ранг 7 требует 5 юнитов
  Извлечено требование: japan Большой флот ранг 8 требует 5 юнитов
  Извлечено требование: japan Вертолёты ранг 6 требует 1 юнитов
  Извлечено требование: japan Вертолёты ранг 7 требует 1 юнитов
  Извлечено требование: italy Авиация ранг 2 требует 6 юнитов
  Извлечено требование: italy Авиация ранг 3 требует 6 юнитов
  Извлечено требование: italy Авиация ранг 4 требует 6 юнитов
  Извлечено требование: italy Авиация ранг 5 требует 6 юнитов
  Извлечено требование: italy Авиация ранг 6 требует 5 юнитов
  Извлечено требование: italy Авиация ранг 7 требует 5 юнитов
  Извлечено требование: italy Авиация ранг 8 требует 5 юнитов
  Извлечено требование: italy Наземная техника ранг 2 требует 6 юнитов
  Извлечено требование: italy Наземная техника ранг 3 требует 6 юнитов
  Извлечено требование: italy Наземная техника ранг 4 требует 6 юнитов
  Извлечено требование: italy Наземная техника ранг 5 требует 6 юнитов
  Извлечено требование: italy Наземная техника ранг 6 требует 5 юнитов
  Извлечено требование: italy Наземная техника ранг 7 требует 5 юнитов
  Извлечено требование: italy Наземная техника ранг 8 требует 5 юнитов
  Извлечено требование: italy Малый флот ранг 2 требует 3 юнитов
  Извлечено требование: italy Малый флот ранг 3 требует 4 юнитов
  Извлечено требование: italy Малый флот ранг 4 требует 3 юнитов
  Извлечено требование: italy Малый флот ранг 5 требует 3 юнитов
  Извлечено требование: italy Большой флот ранг 2 требует 4 юнитов
  Извлечено требование: italy Большой флот ранг 3 требует 4 юнитов
  Извлечено требование: italy Большой флот ранг 4 требует 4 юнитов
  Извлечено требование: italy Большой флот ранг 5 требует 4 юнитов
  Извлечено требование: italy Большой флот ранг 6 требует 5 юнитов
  Извлечено требование: italy Большой флот ранг 7 требует 2 юнитов
  Извлечено требование: italy Большой флот ранг 8 требует 5 юнитов
  Извлечено требование: italy Вертолёты ранг 6 требует 1 юнитов
  Извлечено требование: italy Вертолёты ранг 7 требует 1 юнитов
  Извлечено требование: france Авиация ранг 2 требует 6 юнитов
  Извлечено требование: france Авиация ранг 3 требует 6 юнитов
  Извлечено требование: france Авиация ранг 4 требует 6 юнитов
  Извлечено требование: france Авиация ранг 5 требует 6 юнитов
  Извлечено требование: france Авиация ранг 6 требует 5 юнитов
  Извлечено требование: france Авиация ранг 7 требует 5 юнитов
  Извлечено требование: france Авиация ранг 8 требует 5 юнитов
  Извлечено требование: france Наземная техника ранг 2 требует 6 юнитов
  Извлечено требование: france Наземная техника ранг 3 требует 6 юнитов
  Извлечено требование: france Наземная техника ранг 4 требует 6 юнитов
  Извлечено требование: france Наземная техника ранг 5 требует 5 юнитов
  Извлечено требование: france Наземная техника ранг 6 требует 5 юнитов
  Извлечено требование: france Наземная техника ранг 7 требует 5 юнитов
  Извлечено требование: france Наземная техника ранг 8 требует 5 юнитов
  Извлечено требование: france Малый флот ранг 2 требует 3 юнитов
  Извлечено требование: france Малый флот ранг 3 требует 3 юнитов
  Извлечено требование: france Малый флот ранг 4 требует 3 юнитов
  Извлечено требование: france Малый флот ранг 5 требует 2 юнитов
  Извлечено требование: france Большой флот ранг 2 требует 4 юнитов
  Извлечено требование: france Большой флот ранг 3 требует 6 юнитов
  Извлечено требование: france Большой флот ранг 4 требует 4 юнитов
  Извлечено требование: france Большой флот ранг 5 требует 3 юнитов
  Извлечено требование: france Большой флот ранг 6 требует 3 юнитов
  Извлечено требование: france Большой флот ранг 7 требует 1 юнитов
  Извлечено требование: france Большой флот ранг 8 требует 5 юнитов
  Извлечено требование: france Вертолёты ранг 6 требует 1 юнитов
  Извлечено требование: france Вертолёты ранг 7 требует 1 юнитов
  Извлечено требование: china Авиация ранг 2 требует 6 юнитов
  Извлечено требование: china Авиация ранг 3 требует 6 юнитов
  Извлечено требование: china Авиация ранг 4 требует 6 юнитов
  Извлечено требование: china Авиация ранг 5 требует 5 юнитов
  Извлечено требование: china Авиация ранг 6 требует 5 юнитов
  Извлечено требование: china Авиация ранг 7 требует 5 юнитов
  Извлечено требование: china Авиация ранг 8 требует 5 юнитов
  Извлечено требование: china Наземная техника ранг 2 требует 6 юнитов
  Извлечено требование: china Наземная техника ранг 3 требует 6 юнитов
  Извлечено требование: china Наземная техника ранг 4 требует 5 юнитов
  Извлечено требование: china Наземная техника ранг 5 требует 6 юнитов
  Извлечено требование: china Наземная техника ранг 6 требует 5 юнитов
  Извлечено требование: china Наземная техника ранг 7 требует 5 юнитов
  Извлечено требование: china Наземная техника ранг 8 требует 5 юнитов
  Извлечено требование: china Малый флот ранг 2 требует 1 юнитов
  Извлечено требование: china Малый флот ранг 3 требует 1 юнитов
  Извлечено требование: china Малый флот ранг 4 требует 1 юнитов
  Извлечено требование: china Малый флот ранг 5 требует 1 юнитов
  Извлечено требование: china Большой флот ранг 2 требует 1 юнитов
  Извлечено требование: china Большой флот ранг 3 требует 1 юнитов
  Извлечено требование: china Большой флот ранг 4 требует 1 юнитов
  Извлечено требование: china Большой флот ранг 5 требует 1 юнитов
  Извлечено требование: china Вертолёты ранг 6 требует 1 юнитов
  Извлечено требование: china Вертолёты ранг 7 требует 1 юнитов
  Извлечено требование: sweden Авиация ранг 2 требует 6 юнитов
  Извлечено требование: sweden Авиация ранг 3 требует 6 юнитов
  Извлечено требование: sweden Авиация ранг 4 требует 4 юнитов
  Извлечено требование: sweden Авиация ранг 5 требует 3 юнитов
  Извлечено требование: sweden Авиация ранг 6 требует 5 юнитов
  Извлечено требование: sweden Авиация ранг 7 требует 4 юнитов
  Извлечено требование: sweden Авиация ранг 8 требует 5 юнитов
  Извлечено требование: sweden Наземная техника ранг 2 требует 6 юнитов
  Извлечено требование: sweden Наземная техника ранг 3 требует 6 юнитов
  Извлечено требование: sweden Наземная техника ранг 4 требует 6 юнитов
  Извлечено требование: sweden Наземная техника ранг 5 требует 6 юнитов
  Извлечено требование: sweden Наземная техника ранг 6 требует 5 юнитов
  Извлечено требование: sweden Наземная техника ранг 7 требует 5 юнитов
  Извлечено требование: sweden Наземная техника ранг 8 требует 5 юнитов
  Извлечено требование: sweden Малый флот ранг 2 требует 1 юнитов
  Извлечено требование: sweden Малый флот ранг 3 требует 1 юнитов
  Извлечено требование: sweden Малый флот ранг 4 требует 1 юнитов
  Извлечено требование: sweden Малый флот ранг 5 требует 1 юнитов
  Извлечено требование: sweden Большой флот ранг 2 требует 1 юнитов
  Извлечено требование: sweden Большой флот ранг 3 требует 1 юнитов
  Извлечено требование: sweden Большой флот ранг 4 требует 1 юнитов
  Извлечено требование: sweden Большой флот ранг 5 требует 1 юнитов
  Извлечено требование: sweden Вертолёты ранг 6 требует 1 юнитов
  Извлечено требование: sweden Вертолёты ранг 7 требует 1 юнитов
  Извлечено требование: israel Авиация ранг 5 требует 5 юнитов
  Извлечено требование: israel Авиация ранг 6 требует 3 юнитов
  Извлечено требование: israel Авиация ранг 7 требует 5 юнитов
  Извлечено требование: israel Авиация ранг 8 требует 4 юнитов
  Извлечено требование: israel Наземная техника ранг 5 требует 6 юнитов
  Извлечено требование: israel Наземная техника ранг 6 требует 5 юнитов
  Извлечено требование: israel Наземная техника ранг 7 требует 5 юнитов
  Извлечено требование: israel Наземная техника ранг 8 требует 4 юнитов
  Извлечено требование: israel Малый флот ранг 2 требует 1 юнитов
  Извлечено требование: israel Малый флот ранг 3 требует 1 юнитов
  Извлечено требование: israel Малый флот ранг 4 требует 1 юнитов
  Извлечено требование: israel Малый флот ранг 5 требует 1 юнитов
  Извлечено требование: israel Большой флот ранг 2 требует 1 юнитов
  Извлечено требование: israel Большой флот ранг 3 требует 1 юнитов
  Извлечено требование: israel Большой флот ранг 4 требует 1 юнитов
  Извлечено требование: israel Большой флот ранг 5 требует 1 юнитов
  Извлечено требование: israel Вертолёты ранг 6 требует 1 юнитов
  Извлечено требование: israel Вертолёты ранг 7 требует 1 юнитов
Извлечено требований по рангам: 255
Требования по рангам (255 записей) сохранены в rank_requirements.csv
Обработка требований по рангам завершена успешно!
Сбор данных о флагах стран...
  Проверка флага для usa: https://wiki.warthunder.ru/static/country_svg/country_usa.svg
  Флаг найден: usa
  Проверка флага для germany: https://wiki.warthunder.ru/static/country_svg/country_germany.svg
  Флаг найден: germany
  Проверка флага для ussr: https://wiki.warthunder.ru/static/country_svg/country_ussr.svg
  Флаг найден: ussr
  Проверка флага для britain: https://wiki.warthunder.ru/static/country_svg/country_britain.svg
  Флаг найден: britain
  Проверка флага для japan: https://wiki.warthunder.ru/static/country_svg/country_japan.svg
  Флаг найден: japan
  Проверка флага для china: https://wiki.warthunder.ru/static/country_svg/country_china.svg
  Флаг найден: china
  Проверка флага для italy: https://wiki.warthunder.ru/static/country_svg/country_italy.svg
  Флаг найден: italy
  Проверка флага для france: https://wiki.warthunder.ru/static/country_svg/country_france.svg
  Флаг найден: france
  Проверка флага для sweden: https://wiki.warthunder.ru/static/country_svg/country_sweden.svg
  Флаг найден: sweden
  Проверка флага для israel: https://wiki.warthunder.ru/static/country_svg/country_israel.svg
  Флаг найден: israel
Статистика флагов стран:
  Найдено: 10
  Недоступно: 0
  Всего обработано: 10
Данные о флагах стран (10 записей) сохранены в country_flags.csv
Обработка флагов стран завершена успешно!
Ошибка при обработке изображений техники: cannot access local variable 'unit_id' where it is not associated with a value
Парсинг misc данных завершен!
Созданные файлы: rank_requirements.csv, country_flags.csv, shop_images.csv
